23/04/2013 15:34:22 - New match 1 has started
23/04/2013 15:36:04 - Albert killed Nick using M16
23/04/2013 15:36:05 - Roman killed Albert using 38
23/04/2013 15:36:04 - Albert killed Nick using 38
23/04/2013 15:36:06 - Roman killed Nick using M16
23/04/2013 15:36:07 - Roman killed Albert using 38
23/04/2013 15:36:33 - <WORLD> killed Nick by 38
23/04/2013 15:36:04 - Albert killed Nick using M16
23/04/2013 15:36:04 - Albert killed Roman using 38
23/04/2013 15:36:08 - Roman killed Albert using M16
23/04/2013 15:37:04 - Roman killed Albert using M16
23/04/2013 15:36:04 - Albert killed Nick using 38
23/04/2013 15:39:22 - Match 1 has ended

23/04/2013 15:34:22 - New match 2 has started
23/04/2013 15:36:04 - Roman killed Nick using M16
23/04/2013 15:36:33 - <WORLD> killed Nick by DROWN
23/04/2013 15:39:22 - Match 2 has ended

23/04/2013 15:34:22 - New match 3 has started
23/04/2013 15:36:04 - Albert killed Nick using M16
23/04/2013 15:36:04 - killed Albert using 38
23/04/2013 15:36:04 - Albert killed using 38
23/04/2013 15:36:04 - Roman killed Nick using
23/04/2013 15:39:22 - Match 3 has ended